<?xml version="1.0" encoding="UTF-8"?>
<testng-results ignored="0" total="1" passed="1" failed="0" skipped="0">
  <reporter-output>
  </reporter-output>
  <suite started-at="2023-04-12T21:57:22 IST" name="Default suite" finished-at="2023-04-12T21:59:02 IST" duration-ms="100352">
    <groups>
    </groups>
    <test started-at="2023-04-12T21:57:22 IST" name="Default test" finished-at="2023-04-12T21:59:02 IST" duration-ms="100352">
      <class name="Assignment.RunnerClass1">
        <test-method is-config="true" signature="OpenApp()[pri:0, instance:Assignment.RunnerClass1@51dcb805]" started-at="2023-04-12T21:57:22 IST" name="OpenApp" finished-at="2023-04-12T21:57:33 IST" duration-ms="11045" status="PASS">
          <reporter-output>
          </reporter-output>
        </test-method> <!-- OpenApp -->
        <test-method signature="Ts_1()[pri:0, instance:Assignment.RunnerClass1@51dcb805]" started-at="2023-04-12T21:57:33 IST" name="Ts_1" finished-at="2023-04-12T21:59:01 IST" duration-ms="88619" status="PASS">
          <reporter-output>
          </reporter-output>
        </test-method> <!-- Ts_1 -->
        <test-method is-config="true" signature="CloseApp()[pri:0, instance:Assignment.RunnerClass1@51dcb805]" started-at="2023-04-12T21:59:01 IST" name="CloseApp" finished-at="2023-04-12T21:59:02 IST" duration-ms="570" status="PASS">
          <reporter-output>
          </reporter-output>
        </test-method> <!-- CloseApp -->
      </class> <!-- Assignment.RunnerClass1 -->
    </test> <!-- Default test -->
  </suite> <!-- Default suite -->
</testng-results>
